This file contains any messages produced by compilers while
running configure, to aid debugging if configure makes a mistake.

It was created by libbgpdump configure 1.6.0, which was
generated by GNU Autoconf 2.69.  Invocation command line was

  $ ./configure 

## --------- ##
## Platform. ##
## --------- ##

hostname = abhijit-Inspiron-7572
uname -m = x86_64
uname -r = 4.15.0-96-generic
uname -s = Linux
uname -v = #97-Ubuntu SMP Wed Apr 1 03:25:46 UTC 2020

/usr/bin/uname -p = unknown
/bin/uname -X     = unknown

/bin/arch              = unknown
/usr/bin/arch -k       = unknown
/usr/convex/getsysinfo = unknown
/usr/bin/hostinfo      = unknown
/bin/machine           = unknown
/usr/bin/oslevel       = unknown
/bin/universe          = unknown

PATH: /home/abhijit/miniconda3/condabin
PATH: /home/abhijit/.local/bin
PATH: /usr/local/sbin
PATH: /usr/local/bin
PATH: /usr/sbin
PATH: /usr/bin
PATH: /sbin
PATH: /bin
PATH: /usr/games
PATH: /usr/local/games
PATH: /snap/bin


## ----------- ##
## Core tests. ##
## ----------- ##

configure:2211: checking for gcc
configure:2227: found /usr/bin/gcc
configure:2238: result: gcc
configure:2467: checking for C compiler version
configure:2476: gcc --version >&5
gcc (Ubuntu 7.5.0-3ubuntu1~18.04) 7.5.0
Copyright (C) 2017 Free Software Foundation, Inc.
This is free software; see the source for copying conditions.  There is NO
warranty; not even for MERCHANTABILITY or FITNESS FOR A PARTICULAR PURPOSE.

configure:2487: $? = 0
configure:2476: gcc -v >&5
Using built-in specs.
COLLECT_GCC=gcc
COLLECT_LTO_WRAPPER=/usr/lib/gcc/x86_64-linux-gnu/7/lto-wrapper
OFFLOAD_TARGET_NAMES=nvptx-none
OFFLOAD_TARGET_DEFAULT=1
Target: x86_64-linux-gnu
Configured with: ../src/configure -v --with-pkgversion='Ubuntu 7.5.0-3ubuntu1~18.04' --with-bugurl=file:///usr/share/doc/gcc-7/README.Bugs --enable-languages=c,ada,c++,go,brig,d,fortran,objc,obj-c++ --prefix=/usr --with-gcc-major-version-only --program-suffix=-7 --program-prefix=x86_64-linux-gnu- --enable-shared --enable-linker-build-id --libexecdir=/usr/lib --without-included-gettext --enable-threads=posix --libdir=/usr/lib --enable-nls --enable-bootstrap --enable-clocale=gnu --enable-libstdcxx-debug --enable-libstdcxx-time=yes --with-default-libstdcxx-abi=new --enable-gnu-unique-object --disable-vtable-verify --enable-libmpx --enable-plugin --enable-default-pie --with-system-zlib --with-target-system-zlib --enable-objc-gc=auto --enable-multiarch --disable-werror --with-arch-32=i686 --with-abi=m64 --with-multilib-list=m32,m64,mx32 --enable-multilib --with-tune=generic --enable-offload-targets=nvptx-none --without-cuda-driver --enable-checking=release --build=x86_64-linux-gnu --host=x86_64-linux-gnu --target=x86_64-linux-gnu
Thread model: posix
gcc version 7.5.0 (Ubuntu 7.5.0-3ubuntu1~18.04) 
configure:2487: $? = 0
configure:2476: gcc -V >&5
gcc: error: unrecognized command line option '-V'
gcc: fatal error: no input files
compilation terminated.
configure:2487: $? = 1
configure:2476: gcc -qversion >&5
gcc: error: unrecognized command line option '-qversion'; did you mean '--version'?
gcc: fatal error: no input files
compilation terminated.
configure:2487: $? = 1
configure:2507: checking whether the C compiler works
configure:2529: gcc -g  -Wall -Wsystem-headers -Wno-format-y2k -Wno-sign-compare -Wcast-align -Wmissing-prototypes -Wpointer-arith -Wreturn-type -Wswitch -Wshadow   conftest.c  >&5
configure:2533: $? = 0
configure:2581: result: yes
configure:2584: checking for C compiler default output file name
configure:2586: result: a.out
configure:2592: checking for suffix of executables
configure:2599: gcc -o conftest -g  -Wall -Wsystem-headers -Wno-format-y2k -Wno-sign-compare -Wcast-align -Wmissing-prototypes -Wpointer-arith -Wreturn-type -Wswitch -Wshadow   conftest.c  >&5
configure:2603: $? = 0
configure:2625: result: 
configure:2647: checking whether we are cross compiling
configure:2655: gcc -o conftest -g  -Wall -Wsystem-headers -Wno-format-y2k -Wno-sign-compare -Wcast-align -Wmissing-prototypes -Wpointer-arith -Wreturn-type -Wswitch -Wshadow   conftest.c  >&5
configure:2659: $? = 0
configure:2666: ./conftest
configure:2670: $? = 0
configure:2685: result: no
configure:2690: checking for suffix of object files
configure:2712: gcc -c -g  -Wall -Wsystem-headers -Wno-format-y2k -Wno-sign-compare -Wcast-align -Wmissing-prototypes -Wpointer-arith -Wreturn-type -Wswitch -Wshadow  conftest.c >&5
configure:2716: $? = 0
configure:2737: result: o
configure:2741: checking whether we are using the GNU C compiler
configure:2760: gcc -c -g  -Wall -Wsystem-headers -Wno-format-y2k -Wno-sign-compare -Wcast-align -Wmissing-prototypes -Wpointer-arith -Wreturn-type -Wswitch -Wshadow  conftest.c >&5
configure:2760: $? = 0
configure:2769: result: yes
configure:2778: checking whether gcc accepts -g
configure:2798: gcc -c -g  conftest.c >&5
configure:2798: $? = 0
configure:2839: result: yes
configure:2856: checking for gcc option to accept ISO C89
configure:2919: gcc  -c -g  -Wall -Wsystem-headers -Wno-format-y2k -Wno-sign-compare -Wcast-align -Wmissing-prototypes -Wpointer-arith -Wreturn-type -Wswitch -Wshadow  conftest.c >&5
configure:2919: $? = 0
configure:2932: result: none needed
configure:2995: checking for ranlib
configure:3011: found /usr/bin/ranlib
configure:3022: result: ranlib
configure:3052: checking how to run the C preprocessor
configure:3083: gcc -E  conftest.c
configure:3083: $? = 0
configure:3097: gcc -E  conftest.c
conftest.c:9:10: fatal error: ac_nonexistent.h: No such file or directory
 #include <ac_nonexistent.h>
          ^~~~~~~~~~~~~~~~~~
compilation terminated.
configure:3097: $? = 1
configure: failed program was:
| /* confdefs.h */
| #define PACKAGE_NAME "libbgpdump"
| #define PACKAGE_TARNAME "libbgpdump"
| #define PACKAGE_VERSION "1.6.0"
| #define PACKAGE_STRING "libbgpdump 1.6.0"
| #define PACKAGE_BUGREPORT "ris@ripe.net"
| #define PACKAGE_URL ""
| /* end confdefs.h.  */
| #include <ac_nonexistent.h>
configure:3122: result: gcc -E
configure:3142: gcc -E  conftest.c
configure:3142: $? = 0
configure:3156: gcc -E  conftest.c
conftest.c:9:10: fatal error: ac_nonexistent.h: No such file or directory
 #include <ac_nonexistent.h>
          ^~~~~~~~~~~~~~~~~~
compilation terminated.
configure:3156: $? = 1
configure: failed program was:
| /* confdefs.h */
| #define PACKAGE_NAME "libbgpdump"
| #define PACKAGE_TARNAME "libbgpdump"
| #define PACKAGE_VERSION "1.6.0"
| #define PACKAGE_STRING "libbgpdump 1.6.0"
| #define PACKAGE_BUGREPORT "ris@ripe.net"
| #define PACKAGE_URL ""
| /* end confdefs.h.  */
| #include <ac_nonexistent.h>
configure:3185: checking for grep that handles long lines and -e
configure:3243: result: /bin/grep
configure:3248: checking for egrep
configure:3310: result: /bin/grep -E
configure:3315: checking for ANSI C header files
configure:3335: gcc -c -g  -Wall -Wsystem-headers -Wno-format-y2k -Wno-sign-compare -Wcast-align -Wmissing-prototypes -Wpointer-arith -Wreturn-type -Wswitch -Wshadow  conftest.c >&5
configure:3335: $? = 0
configure:3408: gcc -o conftest -g  -Wall -Wsystem-headers -Wno-format-y2k -Wno-sign-compare -Wcast-align -Wmissing-prototypes -Wpointer-arith -Wreturn-type -Wswitch -Wshadow   conftest.c  >&5
configure:3408: $? = 0
configure:3408: ./conftest
configure:3408: $? = 0
configure:3419: result: yes
configure:3432: checking for sys/types.h
configure:3432: gcc -c -g  -Wall -Wsystem-headers -Wno-format-y2k -Wno-sign-compare -Wcast-align -Wmissing-prototypes -Wpointer-arith -Wreturn-type -Wswitch -Wshadow  conftest.c >&5
configure:3432: $? = 0
configure:3432: result: yes
configure:3432: checking for sys/stat.h
configure:3432: gcc -c -g  -Wall -Wsystem-headers -Wno-format-y2k -Wno-sign-compare -Wcast-align -Wmissing-prototypes -Wpointer-arith -Wreturn-type -Wswitch -Wshadow  conftest.c >&5
configure:3432: $? = 0
configure:3432: result: yes
configure:3432: checking for stdlib.h
configure:3432: gcc -c -g  -Wall -Wsystem-headers -Wno-format-y2k -Wno-sign-compare -Wcast-align -Wmissing-prototypes -Wpointer-arith -Wreturn-type -Wswitch -Wshadow  conftest.c >&5
configure:3432: $? = 0
configure:3432: result: yes
configure:3432: checking for string.h
configure:3432: gcc -c -g  -Wall -Wsystem-headers -Wno-format-y2k -Wno-sign-compare -Wcast-align -Wmissing-prototypes -Wpointer-arith -Wreturn-type -Wswitch -Wshadow  conftest.c >&5
configure:3432: $? = 0
configure:3432: result: yes
configure:3432: checking for memory.h
configure:3432: gcc -c -g  -Wall -Wsystem-headers -Wno-format-y2k -Wno-sign-compare -Wcast-align -Wmissing-prototypes -Wpointer-arith -Wreturn-type -Wswitch -Wshadow  conftest.c >&5
configure:3432: $? = 0
configure:3432: result: yes
configure:3432: checking for strings.h
configure:3432: gcc -c -g  -Wall -Wsystem-headers -Wno-format-y2k -Wno-sign-compare -Wcast-align -Wmissing-prototypes -Wpointer-arith -Wreturn-type -Wswitch -Wshadow  conftest.c >&5
configure:3432: $? = 0
configure:3432: result: yes
configure:3432: checking for inttypes.h
configure:3432: gcc -c -g  -Wall -Wsystem-headers -Wno-format-y2k -Wno-sign-compare -Wcast-align -Wmissing-prototypes -Wpointer-arith -Wreturn-type -Wswitch -Wshadow  conftest.c >&5
configure:3432: $? = 0
configure:3432: result: yes
configure:3432: checking for stdint.h
configure:3432: gcc -c -g  -Wall -Wsystem-headers -Wno-format-y2k -Wno-sign-compare -Wcast-align -Wmissing-prototypes -Wpointer-arith -Wreturn-type -Wswitch -Wshadow  conftest.c >&5
configure:3432: $? = 0
configure:3432: result: yes
configure:3432: checking for unistd.h
configure:3432: gcc -c -g  -Wall -Wsystem-headers -Wno-format-y2k -Wno-sign-compare -Wcast-align -Wmissing-prototypes -Wpointer-arith -Wreturn-type -Wswitch -Wshadow  conftest.c >&5
configure:3432: $? = 0
configure:3432: result: yes
configure:3447: checking arpa/inet.h usability
configure:3447: gcc -c -g  -Wall -Wsystem-headers -Wno-format-y2k -Wno-sign-compare -Wcast-align -Wmissing-prototypes -Wpointer-arith -Wreturn-type -Wswitch -Wshadow  conftest.c >&5
configure:3447: $? = 0
configure:3447: result: yes
configure:3447: checking arpa/inet.h presence
configure:3447: gcc -E  conftest.c
configure:3447: $? = 0
configure:3447: result: yes
configure:3447: checking for arpa/inet.h
configure:3447: result: yes
configure:3447: checking netinet/in.h usability
configure:3447: gcc -c -g  -Wall -Wsystem-headers -Wno-format-y2k -Wno-sign-compare -Wcast-align -Wmissing-prototypes -Wpointer-arith -Wreturn-type -Wswitch -Wshadow  conftest.c >&5
configure:3447: $? = 0
configure:3447: result: yes
configure:3447: checking netinet/in.h presence
configure:3447: gcc -E  conftest.c
configure:3447: $? = 0
configure:3447: result: yes
configure:3447: checking for netinet/in.h
configure:3447: result: yes
configure:3447: checking syslog.h usability
configure:3447: gcc -c -g  -Wall -Wsystem-headers -Wno-format-y2k -Wno-sign-compare -Wcast-align -Wmissing-prototypes -Wpointer-arith -Wreturn-type -Wswitch -Wshadow  conftest.c >&5
configure:3447: $? = 0
configure:3447: result: yes
configure:3447: checking syslog.h presence
configure:3447: gcc -E  conftest.c
configure:3447: $? = 0
configure:3447: result: yes
configure:3447: checking for syslog.h
configure:3447: result: yes
configure:3457: checking whether struct tm is in sys/time.h or time.h
configure:3477: gcc -c -g  -Wall -Wsystem-headers -Wno-format-y2k -Wno-sign-compare -Wcast-align -Wmissing-prototypes -Wpointer-arith -Wreturn-type -Wswitch -Wshadow  conftest.c >&5
configure:3477: $? = 0
configure:3484: result: time.h
configure:3494: checking for u_char_t
configure:3494: gcc -c -g  -Wall -Wsystem-headers -Wno-format-y2k -Wno-sign-compare -Wcast-align -Wmissing-prototypes -Wpointer-arith -Wreturn-type -Wswitch -Wshadow  conftest.c >&5
conftest.c: In function 'main':
conftest.c:58:13: error: 'u_char_t' undeclared (first use in this function); did you mean 'wchar_t'?
 if (sizeof (u_char_t))
             ^~~~~~~~
             wchar_t
conftest.c:58:13: note: each undeclared identifier is reported only once for each function it appears in
configure:3494: $? = 1
configure: failed program was:
| /* confdefs.h */
| #define PACKAGE_NAME "libbgpdump"
| #define PACKAGE_TARNAME "libbgpdump"
| #define PACKAGE_VERSION "1.6.0"
| #define PACKAGE_STRING "libbgpdump 1.6.0"
| #define PACKAGE_BUGREPORT "ris@ripe.net"
| #define PACKAGE_URL ""
| #define STDC_HEADERS 1
| #define HAVE_SYS_TYPES_H 1
| #define HAVE_SYS_STAT_H 1
| #define HAVE_STDLIB_H 1
| #define HAVE_STRING_H 1
| #define HAVE_MEMORY_H 1
| #define HAVE_STRINGS_H 1
| #define HAVE_INTTYPES_H 1
| #define HAVE_STDINT_H 1
| #define HAVE_UNISTD_H 1
| #define HAVE_ARPA_INET_H 1
| #define HAVE_NETINET_IN_H 1
| #define HAVE_SYSLOG_H 1
| /* end confdefs.h.  */
| #include <stdio.h>
| #ifdef HAVE_SYS_TYPES_H
| # include <sys/types.h>
| #endif
| #ifdef HAVE_SYS_STAT_H
| # include <sys/stat.h>
| #endif
| #ifdef STDC_HEADERS
| # include <stdlib.h>
| # include <stddef.h>
| #else
| # ifdef HAVE_STDLIB_H
| #  include <stdlib.h>
| # endif
| #endif
| #ifdef HAVE_STRING_H
| # if !defined STDC_HEADERS && defined HAVE_MEMORY_H
| #  include <memory.h>
| # endif
| # include <string.h>
| #endif
| #ifdef HAVE_STRINGS_H
| # include <strings.h>
| #endif
| #ifdef HAVE_INTTYPES_H
| # include <inttypes.h>
| #endif
| #ifdef HAVE_STDINT_H
| # include <stdint.h>
| #endif
| #ifdef HAVE_UNISTD_H
| # include <unistd.h>
| #endif
| int
| main ()
| {
| if (sizeof (u_char_t))
| 	 return 0;
|   ;
|   return 0;
| }
configure:3494: result: no
configure:3503: checking for u_int8_t
configure:3503: gcc -c -g  -Wall -Wsystem-headers -Wno-format-y2k -Wno-sign-compare -Wcast-align -Wmissing-prototypes -Wpointer-arith -Wreturn-type -Wswitch -Wshadow  conftest.c >&5
configure:3503: $? = 0
configure:3503: gcc -c -g  -Wall -Wsystem-headers -Wno-format-y2k -Wno-sign-compare -Wcast-align -Wmissing-prototypes -Wpointer-arith -Wreturn-type -Wswitch -Wshadow  conftest.c >&5
conftest.c: In function 'main':
conftest.c:59:23: error: expected expression before ')' token
 if (sizeof ((u_int8_t)))
                       ^
configure:3503: $? = 1
configure: failed program was:
| /* confdefs.h */
| #define PACKAGE_NAME "libbgpdump"
| #define PACKAGE_TARNAME "libbgpdump"
| #define PACKAGE_VERSION "1.6.0"
| #define PACKAGE_STRING "libbgpdump 1.6.0"
| #define PACKAGE_BUGREPORT "ris@ripe.net"
| #define PACKAGE_URL ""
| #define STDC_HEADERS 1
| #define HAVE_SYS_TYPES_H 1
| #define HAVE_SYS_STAT_H 1
| #define HAVE_STDLIB_H 1
| #define HAVE_STRING_H 1
| #define HAVE_MEMORY_H 1
| #define HAVE_STRINGS_H 1
| #define HAVE_INTTYPES_H 1
| #define HAVE_STDINT_H 1
| #define HAVE_UNISTD_H 1
| #define HAVE_ARPA_INET_H 1
| #define HAVE_NETINET_IN_H 1
| #define HAVE_SYSLOG_H 1
| #define u_char_t uchar_t
| /* end confdefs.h.  */
| #include <stdio.h>
| #ifdef HAVE_SYS_TYPES_H
| # include <sys/types.h>
| #endif
| #ifdef HAVE_SYS_STAT_H
| # include <sys/stat.h>
| #endif
| #ifdef STDC_HEADERS
| # include <stdlib.h>
| # include <stddef.h>
| #else
| # ifdef HAVE_STDLIB_H
| #  include <stdlib.h>
| # endif
| #endif
| #ifdef HAVE_STRING_H
| # if !defined STDC_HEADERS && defined HAVE_MEMORY_H
| #  include <memory.h>
| # endif
| # include <string.h>
| #endif
| #ifdef HAVE_STRINGS_H
| # include <strings.h>
| #endif
| #ifdef HAVE_INTTYPES_H
| # include <inttypes.h>
| #endif
| #ifdef HAVE_STDINT_H
| # include <stdint.h>
| #endif
| #ifdef HAVE_UNISTD_H
| # include <unistd.h>
| #endif
| int
| main ()
| {
| if (sizeof ((u_int8_t)))
| 	    return 0;
|   ;
|   return 0;
| }
configure:3503: result: yes
configure:3512: checking for u_int16_t
configure:3512: gcc -c -g  -Wall -Wsystem-headers -Wno-format-y2k -Wno-sign-compare -Wcast-align -Wmissing-prototypes -Wpointer-arith -Wreturn-type -Wswitch -Wshadow  conftest.c >&5
configure:3512: $? = 0
configure:3512: gcc -c -g  -Wall -Wsystem-headers -Wno-format-y2k -Wno-sign-compare -Wcast-align -Wmissing-prototypes -Wpointer-arith -Wreturn-type -Wswitch -Wshadow  conftest.c >&5
conftest.c: In function 'main':
conftest.c:59:24: error: expected expression before ')' token
 if (sizeof ((u_int16_t)))
                        ^
configure:3512: $? = 1
configure: failed program was:
| /* confdefs.h */
| #define PACKAGE_NAME "libbgpdump"
| #define PACKAGE_TARNAME "libbgpdump"
| #define PACKAGE_VERSION "1.6.0"
| #define PACKAGE_STRING "libbgpdump 1.6.0"
| #define PACKAGE_BUGREPORT "ris@ripe.net"
| #define PACKAGE_URL ""
| #define STDC_HEADERS 1
| #define HAVE_SYS_TYPES_H 1
| #define HAVE_SYS_STAT_H 1
| #define HAVE_STDLIB_H 1
| #define HAVE_STRING_H 1
| #define HAVE_MEMORY_H 1
| #define HAVE_STRINGS_H 1
| #define HAVE_INTTYPES_H 1
| #define HAVE_STDINT_H 1
| #define HAVE_UNISTD_H 1
| #define HAVE_ARPA_INET_H 1
| #define HAVE_NETINET_IN_H 1
| #define HAVE_SYSLOG_H 1
| #define u_char_t uchar_t
| /* end confdefs.h.  */
| #include <stdio.h>
| #ifdef HAVE_SYS_TYPES_H
| # include <sys/types.h>
| #endif
| #ifdef HAVE_SYS_STAT_H
| # include <sys/stat.h>
| #endif
| #ifdef STDC_HEADERS
| # include <stdlib.h>
| # include <stddef.h>
| #else
| # ifdef HAVE_STDLIB_H
| #  include <stdlib.h>
| # endif
| #endif
| #ifdef HAVE_STRING_H
| # if !defined STDC_HEADERS && defined HAVE_MEMORY_H
| #  include <memory.h>
| # endif
| # include <string.h>
| #endif
| #ifdef HAVE_STRINGS_H
| # include <strings.h>
| #endif
| #ifdef HAVE_INTTYPES_H
| # include <inttypes.h>
| #endif
| #ifdef HAVE_STDINT_H
| # include <stdint.h>
| #endif
| #ifdef HAVE_UNISTD_H
| # include <unistd.h>
| #endif
| int
| main ()
| {
| if (sizeof ((u_int16_t)))
| 	    return 0;
|   ;
|   return 0;
| }
configure:3512: result: yes
configure:3521: checking for u_int32_t
configure:3521: gcc -c -g  -Wall -Wsystem-headers -Wno-format-y2k -Wno-sign-compare -Wcast-align -Wmissing-prototypes -Wpointer-arith -Wreturn-type -Wswitch -Wshadow  conftest.c >&5
configure:3521: $? = 0
configure:3521: gcc -c -g  -Wall -Wsystem-headers -Wno-format-y2k -Wno-sign-compare -Wcast-align -Wmissing-prototypes -Wpointer-arith -Wreturn-type -Wswitch -Wshadow  conftest.c >&5
conftest.c: In function 'main':
conftest.c:59:24: error: expected expression before ')' token
 if (sizeof ((u_int32_t)))
                        ^
configure:3521: $? = 1
configure: failed program was:
| /* confdefs.h */
| #define PACKAGE_NAME "libbgpdump"
| #define PACKAGE_TARNAME "libbgpdump"
| #define PACKAGE_VERSION "1.6.0"
| #define PACKAGE_STRING "libbgpdump 1.6.0"
| #define PACKAGE_BUGREPORT "ris@ripe.net"
| #define PACKAGE_URL ""
| #define STDC_HEADERS 1
| #define HAVE_SYS_TYPES_H 1
| #define HAVE_SYS_STAT_H 1
| #define HAVE_STDLIB_H 1
| #define HAVE_STRING_H 1
| #define HAVE_MEMORY_H 1
| #define HAVE_STRINGS_H 1
| #define HAVE_INTTYPES_H 1
| #define HAVE_STDINT_H 1
| #define HAVE_UNISTD_H 1
| #define HAVE_ARPA_INET_H 1
| #define HAVE_NETINET_IN_H 1
| #define HAVE_SYSLOG_H 1
| #define u_char_t uchar_t
| /* end confdefs.h.  */
| #include <stdio.h>
| #ifdef HAVE_SYS_TYPES_H
| # include <sys/types.h>
| #endif
| #ifdef HAVE_SYS_STAT_H
| # include <sys/stat.h>
| #endif
| #ifdef STDC_HEADERS
| # include <stdlib.h>
| # include <stddef.h>
| #else
| # ifdef HAVE_STDLIB_H
| #  include <stdlib.h>
| # endif
| #endif
| #ifdef HAVE_STRING_H
| # if !defined STDC_HEADERS && defined HAVE_MEMORY_H
| #  include <memory.h>
| # endif
| # include <string.h>
| #endif
| #ifdef HAVE_STRINGS_H
| # include <strings.h>
| #endif
| #ifdef HAVE_INTTYPES_H
| # include <inttypes.h>
| #endif
| #ifdef HAVE_STDINT_H
| # include <stdint.h>
| #endif
| #ifdef HAVE_UNISTD_H
| # include <unistd.h>
| #endif
| int
| main ()
| {
| if (sizeof ((u_int32_t)))
| 	    return 0;
|   ;
|   return 0;
| }
configure:3521: result: yes
configure:3531: checking for gzopen in -lz
configure:3556: gcc -o conftest -g  -Wall -Wsystem-headers -Wno-format-y2k -Wno-sign-compare -Wcast-align -Wmissing-prototypes -Wpointer-arith -Wreturn-type -Wswitch -Wshadow   conftest.c -lz   >&5
configure:3556: $? = 0
configure:3565: result: yes
configure:3578: checking for BZ2_bzReadOpen in -lbz2
configure:3603: gcc -o conftest -g  -Wall -Wsystem-headers -Wno-format-y2k -Wno-sign-compare -Wcast-align -Wmissing-prototypes -Wpointer-arith -Wreturn-type -Wswitch -Wshadow   conftest.c -lbz2  -lz  >&5
configure:3603: $? = 0
configure:3612: result: yes
configure:3629: checking for strlcat
configure:3629: gcc -o conftest -g  -Wall -Wsystem-headers -Wno-format-y2k -Wno-sign-compare -Wcast-align -Wmissing-prototypes -Wpointer-arith -Wreturn-type -Wswitch -Wshadow   conftest.c -lbz2 -lz  >&5
/tmp/ccQl1cT6.o: In function `main':
/home/abhijit/bgpdump-master/conftest.c:59: undefined reference to `strlcat'
collect2: error: ld returned 1 exit status
configure:3629: $? = 1
configure: failed program was:
| /* confdefs.h */
| #define PACKAGE_NAME "libbgpdump"
| #define PACKAGE_TARNAME "libbgpdump"
| #define PACKAGE_VERSION "1.6.0"
| #define PACKAGE_STRING "libbgpdump 1.6.0"
| #define PACKAGE_BUGREPORT "ris@ripe.net"
| #define PACKAGE_URL ""
| #define STDC_HEADERS 1
| #define HAVE_SYS_TYPES_H 1
| #define HAVE_SYS_STAT_H 1
| #define HAVE_STDLIB_H 1
| #define HAVE_STRING_H 1
| #define HAVE_MEMORY_H 1
| #define HAVE_STRINGS_H 1
| #define HAVE_INTTYPES_H 1
| #define HAVE_STDINT_H 1
| #define HAVE_UNISTD_H 1
| #define HAVE_ARPA_INET_H 1
| #define HAVE_NETINET_IN_H 1
| #define HAVE_SYSLOG_H 1
| #define u_char_t uchar_t
| #define HAVE_LIBZ 1
| #define HAVE_LIBBZ2 1
| /* end confdefs.h.  */
| /* Define strlcat to an innocuous variant, in case <limits.h> declares strlcat.
|    For example, HP-UX 11i <limits.h> declares gettimeofday.  */
| #define strlcat innocuous_strlcat
| 
| /* System header to define __stub macros and hopefully few prototypes,
|     which can conflict with char strlcat (); below.
|     Prefer <limits.h> to <assert.h> if __STDC__ is defined, since
|     <limits.h> exists even on freestanding compilers.  */
| 
| #ifdef __STDC__
| # include <limits.h>
| #else
| # include <assert.h>
| #endif
| 
| #undef strlcat
| 
| /* Override any GCC internal prototype to avoid an error.
|    Use char because int might match the return type of a GCC
|    builtin and then its argument prototype would still apply.  */
| #ifdef __cplusplus
| extern "C"
| #endif
| char strlcat ();
| /* The GNU C library defines this for functions which it implements
|     to always fail with ENOSYS.  Some functions are actually named
|     something starting with __ and the normal name is an alias.  */
| #if defined __stub_strlcat || defined __stub___strlcat
| choke me
| #endif
| 
| int
| main ()
| {
| return strlcat ();
|   ;
|   return 0;
| }
configure:3629: result: no
configure:3642: checking for inet_ntoa
configure:3642: gcc -o conftest -g  -Wall -Wsystem-headers -Wno-format-y2k -Wno-sign-compare -Wcast-align -Wmissing-prototypes -Wpointer-arith -Wreturn-type -Wswitch -Wshadow   conftest.c -lbz2 -lz  >&5
configure:3642: $? = 0
configure:3642: result: yes
configure:3701: checking for inet_ntop
configure:3701: gcc -o conftest -g  -Wall -Wsystem-headers -Wno-format-y2k -Wno-sign-compare -Wcast-align -Wmissing-prototypes -Wpointer-arith -Wreturn-type -Wswitch -Wshadow   conftest.c -lbz2 -lz  >&5
configure:3701: $? = 0
configure:3701: result: yes
configure:3884: creating ./config.status

## ---------------------- ##
## Running config.status. ##
## ---------------------- ##

This file was extended by libbgpdump config.status 1.6.0, which was
generated by GNU Autoconf 2.69.  Invocation command line was

  CONFIG_FILES    = 
  CONFIG_HEADERS  = 
  CONFIG_LINKS    = 
  CONFIG_COMMANDS = 
  $ ./config.status 

on abhijit-Inspiron-7572

config.status:809: creating bgpdump.spec
config.status:809: creating Makefile
config.status:809: creating bgpdump-config.h
config.status:979: bgpdump-config.h is unchanged

## ---------------- ##
## Cache variables. ##
## ---------------- ##

ac_cv_c_compiler_gnu=yes
ac_cv_env_CC_set=
ac_cv_env_CC_value=
ac_cv_env_CFLAGS_set=
ac_cv_env_CFLAGS_value=
ac_cv_env_CPPFLAGS_set=
ac_cv_env_CPPFLAGS_value=
ac_cv_env_CPP_set=
ac_cv_env_CPP_value=
ac_cv_env_LDFLAGS_set=
ac_cv_env_LDFLAGS_value=
ac_cv_env_LIBS_set=
ac_cv_env_LIBS_value=
ac_cv_env_build_alias_set=
ac_cv_env_build_alias_value=
ac_cv_env_host_alias_set=
ac_cv_env_host_alias_value=
ac_cv_env_target_alias_set=
ac_cv_env_target_alias_value=
ac_cv_func_inet_ntoa=yes
ac_cv_func_inet_ntop=yes
ac_cv_func_strlcat=no
ac_cv_header_arpa_inet_h=yes
ac_cv_header_inttypes_h=yes
ac_cv_header_memory_h=yes
ac_cv_header_netinet_in_h=yes
ac_cv_header_stdc=yes
ac_cv_header_stdint_h=yes
ac_cv_header_stdlib_h=yes
ac_cv_header_string_h=yes
ac_cv_header_strings_h=yes
ac_cv_header_sys_stat_h=yes
ac_cv_header_sys_types_h=yes
ac_cv_header_syslog_h=yes
ac_cv_header_unistd_h=yes
ac_cv_lib_bz2_BZ2_bzReadOpen=yes
ac_cv_lib_z_gzopen=yes
ac_cv_objext=o
ac_cv_path_EGREP='/bin/grep -E'
ac_cv_path_GREP=/bin/grep
ac_cv_prog_CPP='gcc -E'
ac_cv_prog_ac_ct_CC=gcc
ac_cv_prog_ac_ct_RANLIB=ranlib
ac_cv_prog_cc_c89=
ac_cv_prog_cc_g=yes
ac_cv_struct_tm=time.h
ac_cv_type_u_char_t=no
ac_cv_type_u_int16_t=yes
ac_cv_type_u_int32_t=yes
ac_cv_type_u_int8_t=yes

## ----------------- ##
## Output variables. ##
## ----------------- ##

CC='gcc'
CFLAGS='-g  -Wall -Wsystem-headers -Wno-format-y2k -Wno-sign-compare -Wcast-align -Wmissing-prototypes -Wpointer-arith -Wreturn-type -Wswitch -Wshadow'
CPP='gcc -E'
CPPFLAGS=''
DEFS='-DHAVE_CONFIG_H'
ECHO_C=''
ECHO_N='-n'
ECHO_T=''
EGREP='/bin/grep -E'
EXEEXT=''
GREP='/bin/grep'
LDFLAGS=''
LIBOBJS=''
LIBS='-lbz2 -lz '
LTLIBOBJS=''
OBJEXT='o'
PACKAGE_BUGREPORT='ris@ripe.net'
PACKAGE_NAME='libbgpdump'
PACKAGE_STRING='libbgpdump 1.6.0'
PACKAGE_TARNAME='libbgpdump'
PACKAGE_URL=''
PACKAGE_VERSION='1.6.0'
PATH_SEPARATOR=':'
RANLIB='ranlib'
SHELL='/bin/bash'
SOFLAGS=' -shared'
ac_ct_CC='gcc'
bindir='${exec_prefix}/bin'
build_alias=''
datadir='${datarootdir}'
datarootdir='${prefix}/share'
docdir='${datarootdir}/doc/${PACKAGE_TARNAME}'
dvidir='${docdir}'
exec_prefix='${prefix}'
host_alias=''
htmldir='${docdir}'
includedir='${prefix}/include'
infodir='${datarootdir}/info'
libdir='${exec_prefix}/lib'
libexecdir='${exec_prefix}/libexec'
localedir='${datarootdir}/locale'
localstatedir='${prefix}/var'
mandir='${datarootdir}/man'
oldincludedir='/usr/include'
pdfdir='${docdir}'
prefix='/usr/local'
program_transform_name='s,x,x,'
psdir='${docdir}'
runstatedir='${localstatedir}/run'
sbindir='${exec_prefix}/sbin'
sharedstatedir='${prefix}/com'
sysconfdir='${prefix}/etc'
target_alias=''

## ----------- ##
## confdefs.h. ##
## ----------- ##

/* confdefs.h */
#define PACKAGE_NAME "libbgpdump"
#define PACKAGE_TARNAME "libbgpdump"
#define PACKAGE_VERSION "1.6.0"
#define PACKAGE_STRING "libbgpdump 1.6.0"
#define PACKAGE_BUGREPORT "ris@ripe.net"
#define PACKAGE_URL ""
#define STDC_HEADERS 1
#define HAVE_SYS_TYPES_H 1
#define HAVE_SYS_STAT_H 1
#define HAVE_STDLIB_H 1
#define HAVE_STRING_H 1
#define HAVE_MEMORY_H 1
#define HAVE_STRINGS_H 1
#define HAVE_INTTYPES_H 1
#define HAVE_STDINT_H 1
#define HAVE_UNISTD_H 1
#define HAVE_ARPA_INET_H 1
#define HAVE_NETINET_IN_H 1
#define HAVE_SYSLOG_H 1
#define u_char_t uchar_t
#define HAVE_LIBZ 1
#define HAVE_LIBBZ2 1
#define HAVE_INET_NTOA 1
#define HAVE_INET_NTOP 1

configure: exit 0
